<?xml version="1.0" encoding="UTF-8"?>
<testng-results skipped="0" failed="0" total="1" passed="1">
  <reporter-output>
  </reporter-output>
  <suite name="ejemplo1" duration-ms="21" started-at="2019-08-29T16:33:37Z" finished-at="2019-08-29T16:33:37Z">
    <groups>
    </groups>
    <test name="TestNG tests" duration-ms="21" started-at="2019-08-29T16:33:37Z" finished-at="2019-08-29T16:33:37Z">
      <class name="ejemplo1.numerosNGTest">
        <test-method status="PASS" signature="testSomeMethod()[pri:0, instance:ejemplo1.numerosNGTest@3d04a311]" name="testSomeMethod" duration-ms="11" started-at="2019-08-29T13:33:37Z" finished-at="2019-08-29T13:33:37Z">
          <reporter-output>
          </reporter-output>
        </test-method> <!-- testSomeMethod -->
      </class> <!-- ejemplo1.numerosNGTest -->
    </test> <!-- TestNG tests -->
  </suite> <!-- ejemplo1 -->
</testng-results>
